生成启动时间为 2016/5/24 23:52:03。
     1>项目“E:\RepositoryOfLiHui\RepositoryOfLi\ConsoleApplication1\ConsoleApplication1\ConsoleApplication1.vcxproj”在节点 2 上(Build 个目标)。
     1>ClCompile:
         D:\VS2013\VC\bin\CL.exe /c /ZI /nologo /W3 /WX- /sdl /Od /Oy- /D WIN32 /D _DEBUG /D _CONSOLE /D _LIB /D _UNICODE /D UNICODE /Gm /EHsc /RTC1 /MDd /GS /fp:precise /Zc:wchar_t /Zc:forScope /Yu"stdafx.h" /Fp"Debug\ConsoleApplication1.pch" /Fo"Debug\\" /Fd"Debug\vc120.pdb" /Gd /TP /analyze- /errorReport:prompt ConsoleApplication1.cpp
         ConsoleApplication1.cpp
     1>d:\vs2013\vc\include\xutility(371): error C2039: “iterator_category”: 不是“point”的成员
                 e:\repositoryoflihui\repositoryofli\consoleapplication1\consoleapplication1\consoleapplication1.cpp(13) : 参见“point”的声明
                 e:\repositoryoflihui\repositoryofli\consoleapplication1\consoleapplication1\consoleapplication1.cpp(37): 参见对正在编译的类 模板 实例化“std::iterator_traits<point>”的引用
     1>d:\vs2013\vc\include\xutility(371): error C2146: 语法错误: 缺少“;”(在标识符“iterator_category”的前面)
     1>d:\vs2013\vc\include\xutility(371): error C4430: 缺少类型说明符 - 假定为 int。注意:  C++ 不支持默认 int
     1>d:\vs2013\vc\include\xutility(371): error C2602: “std::iterator_traits<point>::iterator_category”不是“std::iterator_traits<point>”基类的成员
                 d:\vs2013\vc\include\xutility(371) : 参见“std::iterator_traits<point>::iterator_category”的声明
     1>d:\vs2013\vc\include\xutility(371): error C2868: “std::iterator_traits<point>::iterator_category”: 非法的 using 声明语法；应输入限定名
     1>d:\vs2013\vc\include\xutility(372): error C2039: “value_type”: 不是“point”的成员
                 e:\repositoryoflihui\repositoryofli\consoleapplication1\consoleapplication1\consoleapplication1.cpp(13) : 参见“point”的声明
     1>d:\vs2013\vc\include\xutility(372): error C2146: 语法错误: 缺少“;”(在标识符“value_type”的前面)
     1>d:\vs2013\vc\include\xutility(372): error C4430: 缺少类型说明符 - 假定为 int。注意:  C++ 不支持默认 int
     1>d:\vs2013\vc\include\xutility(372): error C2602: “std::iterator_traits<point>::value_type”不是“std::iterator_traits<point>”基类的成员
                 d:\vs2013\vc\include\xutility(372) : 参见“std::iterator_traits<point>::value_type”的声明
     1>d:\vs2013\vc\include\xutility(372): error C2868: “std::iterator_traits<point>::value_type”: 非法的 using 声明语法；应输入限定名
     1>d:\vs2013\vc\include\xutility(373): error C2039: “difference_type”: 不是“point”的成员
                 e:\repositoryoflihui\repositoryofli\consoleapplication1\consoleapplication1\consoleapplication1.cpp(13) : 参见“point”的声明
     1>d:\vs2013\vc\include\xutility(373): error C2146: 语法错误: 缺少“;”(在标识符“difference_type”的前面)
     1>d:\vs2013\vc\include\xutility(373): error C4430: 缺少类型说明符 - 假定为 int。注意:  C++ 不支持默认 int
     1>d:\vs2013\vc\include\xutility(373): error C2602: “std::iterator_traits<point>::difference_type”不是“std::iterator_traits<point>”基类的成员
                 d:\vs2013\vc\include\xutility(373) : 参见“std::iterator_traits<point>::difference_type”的声明
     1>d:\vs2013\vc\include\xutility(373): error C2868: “std::iterator_traits<point>::difference_type”: 非法的 using 声明语法；应输入限定名
     1>d:\vs2013\vc\include\xutility(375): error C2039: “pointer”: 不是“point”的成员
                 e:\repositoryoflihui\repositoryofli\consoleapplication1\consoleapplication1\consoleapplication1.cpp(13) : 参见“point”的声明
     1>d:\vs2013\vc\include\xutility(375): error C2146: 语法错误: 缺少“;”(在标识符“pointer”的前面)
     1>d:\vs2013\vc\include\xutility(375): error C4430: 缺少类型说明符 - 假定为 int。注意:  C++ 不支持默认 int
     1>d:\vs2013\vc\include\xutility(375): error C2602: “std::iterator_traits<point>::pointer”不是“std::iterator_traits<point>”基类的成员
                 d:\vs2013\vc\include\xutility(375) : 参见“std::iterator_traits<point>::pointer”的声明
     1>d:\vs2013\vc\include\xutility(375): error C2868: “std::iterator_traits<point>::pointer”: 非法的 using 声明语法；应输入限定名
     1>d:\vs2013\vc\include\xutility(376): error C2039: “reference”: 不是“point”的成员
                 e:\repositoryoflihui\repositoryofli\consoleapplication1\consoleapplication1\consoleapplication1.cpp(13) : 参见“point”的声明
     1>d:\vs2013\vc\include\xutility(376): error C2146: 语法错误: 缺少“;”(在标识符“reference”的前面)
     1>d:\vs2013\vc\include\xutility(376): error C4430: 缺少类型说明符 - 假定为 int。注意:  C++ 不支持默认 int
     1>d:\vs2013\vc\include\xutility(376): error C2602: “std::iterator_traits<point>::reference”不是“std::iterator_traits<point>”基类的成员
                 d:\vs2013\vc\include\xutility(376) : 参见“std::iterator_traits<point>::reference”的声明
     1>d:\vs2013\vc\include\xutility(376): error C2868: “std::iterator_traits<point>::reference”: 非法的 using 声明语法；应输入限定名
     1>已完成生成项目“E:\RepositoryOfLiHui\RepositoryOfLi\ConsoleApplication1\ConsoleApplication1\ConsoleApplication1.vcxproj”(Build 个目标)的操作 - 失败。

生成失败。

已用时间 00:00:00.76
